-------------------------------------------------------------------------------
Test set: TestSuite
-------------------------------------------------------------------------------
Tests run: 3, Failures: 1, Errors: 0, Skipped: 0, Time elapsed: 141.632 s <<< FAILURE! - in TestSuite
validatebloger(com.atmecs.scripts.ValidateBlog)  Time elapsed: 15.377 s  <<< FAILURE!
java.lang.AssertionError: expected [failed: hidden message is not displayed posted comment with no data at comment box] but found [false]
	at com.atmecs.scripts.ValidateBlog.validatebloger(ValidateBlog.java:19)

