<?xml version="1.0" encoding="UTF-8"?>
<testng-results skipped="0" failed="0" ignored="0" total="3" passed="3">
  <reporter-output>
  </reporter-output>
  <suite name="Suite1" duration-ms="140139" started-at="2019-10-01T18:42:19 IST" finished-at="2019-10-01T18:44:39 IST">
    <groups>
    </groups>
    <test name="footer" duration-ms="76433" started-at="2019-10-01T18:42:19 IST" finished-at="2019-10-01T18:43:35 IST">
      <class name="com.atmecs.scripts.ValidateFooter">
        <test-method status="PASS" signature="setBrowser(java.lang.String, java.lang.String)[pri:0, instance:com.atmecs.scripts.ValidateFooter@3159c4b8]" name="setBrowser" is-config="true" duration-ms="20268" started-at="2019-10-01T18:42:19 IST" finished-at="2019-10-01T18:42:39 IST">
          <params>
            <param index="0">
              <value>
                <![CDATA[chrome]]>
              </value>
            </param>
            <param index="1">
              <value>
                <![CDATA[normal]]>
              </value>
            </param>
          </params>
          <reporter-output>
          </reporter-output>
        </test-method> <!-- setBrowser -->
        <test-method status="PASS" signature="footerValidation()[pri:0, instance:com.atmecs.scripts.ValidateFooter@3159c4b8]" name="footerValidation" duration-ms="56100" started-at="2019-10-01T18:42:39 IST" finished-at="2019-10-01T18:43:35 IST">
          <reporter-output>
          </reporter-output>
        </test-method> <!-- footerValidation -->
      </class> <!-- com.atmecs.scripts.ValidateFooter -->
    </test> <!-- footer -->
    <test name="contentmenu" duration-ms="25335" started-at="2019-10-01T18:43:35 IST" finished-at="2019-10-01T18:44:00 IST">
      <class name="com.atmecs.scripts.ValidateContentMenu">
        <test-method status="PASS" signature="setBrowser(java.lang.String, java.lang.String)[pri:0, instance:com.atmecs.scripts.ValidateContentMenu@1d29cf23]" name="setBrowser" is-config="true" duration-ms="21172" started-at="2019-10-01T18:43:35 IST" finished-at="2019-10-01T18:43:56 IST">
          <params>
            <param index="0">
              <value>
                <![CDATA[chrome]]>
              </value>
            </param>
            <param index="1">
              <value>
                <![CDATA[normal]]>
              </value>
            </param>
          </params>
          <reporter-output>
          </reporter-output>
        </test-method> <!-- setBrowser -->
        <test-method status="PASS" signature="contentMenuValidation()[pri:0, instance:com.atmecs.scripts.ValidateContentMenu@1d29cf23]" name="contentMenuValidation" duration-ms="4162" started-at="2019-10-01T18:43:56 IST" finished-at="2019-10-01T18:44:00 IST">
          <reporter-output>
          </reporter-output>
        </test-method> <!-- contentMenuValidation -->
      </class> <!-- com.atmecs.scripts.ValidateContentMenu -->
    </test> <!-- contentmenu -->
    <test name="blog" duration-ms="38157" started-at="2019-10-01T18:44:01 IST" finished-at="2019-10-01T18:44:39 IST">
      <class name="com.atmecs.scripts.ValidateBlog">
        <test-method status="PASS" signature="setBrowser(java.lang.String, java.lang.String)[pri:0, instance:com.atmecs.scripts.ValidateBlog@1786dec2]" name="setBrowser" is-config="true" duration-ms="21410" started-at="2019-10-01T18:44:01 IST" finished-at="2019-10-01T18:44:22 IST">
          <params>
            <param index="0">
              <value>
                <![CDATA[chrome]]>
              </value>
            </param>
            <param index="1">
              <value>
                <![CDATA[normal]]>
              </value>
            </param>
          </params>
          <reporter-output>
          </reporter-output>
        </test-method> <!-- setBrowser -->
        <test-method status="PASS" signature="validatebloger()[pri:0, instance:com.atmecs.scripts.ValidateBlog@1786dec2]" name="validatebloger" duration-ms="16746" started-at="2019-10-01T18:44:22 IST" finished-at="2019-10-01T18:44:39 IST">
          <reporter-output>
          </reporter-output>
        </test-method> <!-- validatebloger -->
      </class> <!-- com.atmecs.scripts.ValidateBlog -->
    </test> <!-- blog -->
  </suite> <!-- Suite1 -->
  <suite name="Test-class Suite" duration-ms="0" started-at="2019-10-01T18:44:39 IST" finished-at="2019-10-01T18:44:39 IST">
    <groups>
    </groups>
  </suite> <!-- Test-class Suite -->
</testng-results>
