<?xml version="1.0" encoding="UTF-8"?>
<!-- Generated by org.testng.reporters.JUnitXMLReporter -->
<testsuite hostname="ATMECSINLT-002" ignored="0" name="blog" tests="1" failures="1" timestamp="2019-09-30T19:13:01 IST" time="34.931" errors="0">
  <testcase name="validatebloger" time="15.364" classname="com.atmecs.scripts.ValidateBlog">
    <failure type="java.lang.AssertionError" message="expected [failed: hidden message is not displayed posted comment with no data at comment box] but found [false]">
      <![CDATA[java.lang.AssertionError: expected [failed: hidden message is not displayed posted comment with no data at comment box] but found [false]
at com.atmecs.blogs.BlogValidation.validateErrorMessage(BlogValidation.java:65)
at com.atmecs.scripts.ValidateBlog.validatebloger(ValidateBlog.java:19)
at java.util.ArrayList.forEach(Unknown Source)
... Removed 36 stack frames]]>
    </failure>
  </testcase> <!-- validatebloger -->
</testsuite> <!-- blog -->
