<?xml version="1.0" encoding="UTF-8"?>
<!-- Generated by org.testng.reporters.JUnitXMLReporter -->
<testsuite hostname="ATMECSINLT-002" ignored="1" name="Test2" tests="2" failures="1" timestamp="2019-09-26T20:05:23 IST" time="46.391" errors="0">
  <testcase name="footerValidation" time="27.076" classname="com.atmecs.scripts.ValidateFooter"/>
  <testcase name="validatebloger" time="0.001" classname="com.atmecs.scripts.ValidateBlog">
    <failure type="java.lang.NullPointerException">
      <![CDATA[java.lang.NullPointerException
at com.atmecs.blogs.Blogs.navigateToBlog(Blogs.java:32)
at com.atmecs.scripts.ValidateBlog.validatebloger(ValidateBlog.java:13)
at java.util.ArrayList.forEach(Unknown Source)
... Removed 32 stack frames]]>
    </failure>
  </testcase> <!-- validatebloger -->
  <testcase name="@BeforeTest setBrowser" time="0.0" classname="com.atmecs.utils.BaseClass">
    <ignored/>
  </testcase> <!-- @BeforeTest setBrowser -->
</testsuite> <!-- Test2 -->
